<?xml version="1.0" encoding="UTF-8"?>
<testsuite xmlns:xsi="http://www.w3.org/2001/XMLSchema-instance" xsi:noNamespaceSchemaLocation="https://maven.apache.org/surefire/maven-surefire-plugin/xsd/surefire-test-report.xsd" name="org.chenile.http.test.TestHttpHandlers" time="2.573" tests="2" errors="0" skipped="0" failures="0">
  <properties>
[...]
</properties>
  <testcase name="testService" classname="org.chenile.http.test.TestHttpHandlers" time="0.349"/>
  <testcase name="testPostService" classname="org.chenile.http.test.TestHttpHandlers" time="0.009"/>
</testsuite>