<?xml version="1.0" encoding="UTF-8"?>
<testsuite xmlns:xsi="http://www.w3.org/2001/XMLSchema-instance" xsi:noNamespaceSchemaLocation="https://maven.apache.org/surefire/maven-surefire-plugin/xsd/surefire-test-report.xsd" name="org.chenile.owiz.impl.splitaggregate.TestSplitterAggregator" time="0.106" tests="4" errors="0" skipped="0" failures="0">
  <properties>
[...]
</properties>
  <testcase name="testIfAllExecuted" classname="org.chenile.owiz.impl.splitaggregate.TestSplitterAggregator" time="0.007"/>
  <testcase name="testIfOneFailedwithTimeoutForAll" classname="org.chenile.owiz.impl.splitaggregate.TestSplitterAggregator" time="0.067"/>
  <testcase name="testIfAllExecutedException" classname="org.chenile.owiz.impl.splitaggregate.TestSplitterAggregator" time="0.003"/>
  <testcase name="testIfAllExecutedWithTimeout" classname="org.chenile.owiz.impl.splitaggregate.TestSplitterAggregator" time="0.016"/>
</testsuite>